<?xml version="1.0" encoding="UTF-8"?>
<testng-results skipped="0" failed="0" ignored="0" total="20" passed="20">
  <reporter-output>
  </reporter-output>
  <suite name="Wolfram SDET Tests - Hannah Carl" duration-ms="131835" started-at="2019-03-13T15:31:01Z" finished-at="2019-03-13T15:33:13Z">
    <groups>
    </groups>
    <test name="Test1" duration-ms="14415" started-at="2019-03-13T15:31:01Z" finished-at="2019-03-13T15:31:16Z">
      <class name="com.wolfram.sdetchallenge.testng.CreateNotebookTest">
        <test-method status="PASS" signature="setUp()[pri:0, instance:com.wolfram.sdetchallenge.testng.CreateNotebookTest@5c7fa833]" name="setUp" is-config="true" duration-ms="1718" started-at="2019-03-13T15:31:01Z" finished-at="2019-03-13T15:31:03Z">
          <reporter-output>
          </reporter-output>
        </test-method> <!-- setUp -->
        <test-method status="PASS" signature="createNotebookTest(java.lang.String)[pri:0, instance:com.wolfram.sdetchallenge.testng.CreateNotebookTest@5c7fa833]" name="createNotebookTest" duration-ms="12538" started-at="2019-03-13T15:31:03Z" finished-at="2019-03-13T15:31:16Z">
          <params>
            <param index="0">
              <value>
                <![CDATA[(unnamed) - Wolfram Development Platform]]>
              </value>
            </param>
          </params>
          <reporter-output>
          </reporter-output>
        </test-method> <!-- createNotebookTest -->
        <test-method status="PASS" signature="end()[pri:0, instance:com.wolfram.sdetchallenge.testng.CreateNotebookTest@5c7fa833]" name="end" is-config="true" duration-ms="140" started-at="2019-03-13T15:31:16Z" finished-at="2019-03-13T15:31:16Z">
          <reporter-output>
          </reporter-output>
        </test-method> <!-- end -->
      </class> <!-- com.wolfram.sdetchallenge.testng.CreateNotebookTest -->
    </test> <!-- Test1 -->
    <test name="Test2" duration-ms="26083" started-at="2019-03-13T15:31:16Z" finished-at="2019-03-13T15:31:42Z">
      <class name="com.wolfram.sdetchallenge.testng.NotebookButtonCheck">
        <test-method status="PASS" signature="setUp()[pri:0, instance:com.wolfram.sdetchallenge.testng.NotebookButtonCheck@42d80b78]" name="setUp" is-config="true" duration-ms="1151" started-at="2019-03-13T15:31:16Z" finished-at="2019-03-13T15:31:17Z">
          <reporter-output>
          </reporter-output>
        </test-method> <!-- setUp -->
        <test-method status="PASS" signature="hyperLinkTest()[pri:0, instance:com.wolfram.sdetchallenge.testng.NotebookButtonCheck@42d80b78]" name="hyperLinkTest" duration-ms="12340" started-at="2019-03-13T15:31:17Z" finished-at="2019-03-13T15:31:29Z">
          <reporter-output>
          </reporter-output>
        </test-method> <!-- hyperLinkTest -->
        <test-method status="PASS" signature="specialCharactersTest()[pri:0, instance:com.wolfram.sdetchallenge.testng.NotebookButtonCheck@42d80b78]" name="specialCharactersTest" duration-ms="12426" started-at="2019-03-13T15:31:29Z" finished-at="2019-03-13T15:31:42Z">
          <reporter-output>
          </reporter-output>
        </test-method> <!-- specialCharactersTest -->
        <test-method status="PASS" signature="end()[pri:0, instance:com.wolfram.sdetchallenge.testng.NotebookButtonCheck@42d80b78]" name="end" is-config="true" duration-ms="162" started-at="2019-03-13T15:31:42Z" finished-at="2019-03-13T15:31:42Z">
          <reporter-output>
          </reporter-output>
        </test-method> <!-- end -->
      </class> <!-- com.wolfram.sdetchallenge.testng.NotebookButtonCheck -->
    </test> <!-- Test2 -->
    <test name="Test3" duration-ms="12533" started-at="2019-03-13T15:31:42Z" finished-at="2019-03-13T15:31:54Z">
      <class name="com.wolfram.sdetchallenge.testng.ExpectedResultTest">
        <test-method status="PASS" signature="setUp()[pri:0, instance:com.wolfram.sdetchallenge.testng.ExpectedResultTest@7cd62f43]" name="setUp" is-config="true" duration-ms="1014" started-at="2019-03-13T15:31:48Z" finished-at="2019-03-13T15:31:50Z">
          <reporter-output>
          </reporter-output>
        </test-method> <!-- setUp -->
        <test-method status="PASS" signature="checkExpectedResult(java.lang.String, java.lang.String)[pri:0, instance:com.wolfram.sdetchallenge.testng.ExpectedResultTest@7cd62f43]" name="checkExpectedResult" duration-ms="4772" started-at="2019-03-13T15:31:50Z" finished-at="2019-03-13T15:31:54Z">
          <params>
            <param index="0">
              <value>
                <![CDATA[3 - 4]]>
              </value>
            </param>
            <param index="1">
              <value>
                <![CDATA[-1]]>
              </value>
            </param>
          </params>
          <reporter-output>
          </reporter-output>
        </test-method> <!-- checkExpectedResult -->
        <test-method status="PASS" signature="end()[pri:0, instance:com.wolfram.sdetchallenge.testng.ExpectedResultTest@7cd62f43]" name="end" is-config="true" duration-ms="136" started-at="2019-03-13T15:31:54Z" finished-at="2019-03-13T15:31:54Z">
          <reporter-output>
          </reporter-output>
        </test-method> <!-- end -->
      </class> <!-- com.wolfram.sdetchallenge.testng.ExpectedResultTest -->
      <class name="com.wolfram.sdetchallenge.testng.InputMatchTest">
        <test-method status="PASS" signature="setUp()[pri:0, instance:com.wolfram.sdetchallenge.testng.InputMatchTest@6a41eaa2]" name="setUp" is-config="true" duration-ms="1079" started-at="2019-03-13T15:31:42Z" finished-at="2019-03-13T15:31:43Z">
          <reporter-output>
          </reporter-output>
        </test-method> <!-- setUp -->
        <test-method status="PASS" signature="confirmTestInput(java.lang.String)[pri:0, instance:com.wolfram.sdetchallenge.testng.InputMatchTest@6a41eaa2]" name="confirmTestInput" duration-ms="5391" started-at="2019-03-13T15:31:43Z" finished-at="2019-03-13T15:31:48Z">
          <params>
            <param index="0">
              <value>
                <![CDATA[3 - 4]]>
              </value>
            </param>
          </params>
          <reporter-output>
          </reporter-output>
        </test-method> <!-- confirmTestInput -->
        <test-method status="PASS" signature="end()[pri:0, instance:com.wolfram.sdetchallenge.testng.InputMatchTest@6a41eaa2]" name="end" is-config="true" duration-ms="135" started-at="2019-03-13T15:31:48Z" finished-at="2019-03-13T15:31:48Z">
          <reporter-output>
          </reporter-output>
        </test-method> <!-- end -->
      </class> <!-- com.wolfram.sdetchallenge.testng.InputMatchTest -->
    </test> <!-- Test3 -->
    <test name="Test4" duration-ms="11728" started-at="2019-03-13T15:31:54Z" finished-at="2019-03-13T15:32:06Z">
      <class name="com.wolfram.sdetchallenge.testng.ExpectedResultTest">
        <test-method status="PASS" signature="setUp()[pri:0, instance:com.wolfram.sdetchallenge.testng.ExpectedResultTest@42e26948]" name="setUp" is-config="true" duration-ms="1086" started-at="2019-03-13T15:32:00Z" finished-at="2019-03-13T15:32:01Z">
          <reporter-output>
          </reporter-output>
        </test-method> <!-- setUp -->
        <test-method status="PASS" signature="checkExpectedResult(java.lang.String, java.lang.String)[pri:0, instance:com.wolfram.sdetchallenge.testng.ExpectedResultTest@42e26948]" name="checkExpectedResult" duration-ms="4696" started-at="2019-03-13T15:32:01Z" finished-at="2019-03-13T15:32:06Z">
          <params>
            <param index="0">
              <value>
                <![CDATA[2 + 5]]>
              </value>
            </param>
            <param index="1">
              <value>
                <![CDATA[7]]>
              </value>
            </param>
          </params>
          <reporter-output>
          </reporter-output>
        </test-method> <!-- checkExpectedResult -->
        <test-method status="PASS" signature="end()[pri:0, instance:com.wolfram.sdetchallenge.testng.ExpectedResultTest@42e26948]" name="end" is-config="true" duration-ms="125" started-at="2019-03-13T15:32:06Z" finished-at="2019-03-13T15:32:06Z">
          <reporter-output>
          </reporter-output>
        </test-method> <!-- end -->
      </class> <!-- com.wolfram.sdetchallenge.testng.ExpectedResultTest -->
      <class name="com.wolfram.sdetchallenge.testng.InputMatchTest">
        <test-method status="PASS" signature="setUp()[pri:0, instance:com.wolfram.sdetchallenge.testng.InputMatchTest@1794d431]" name="setUp" is-config="true" duration-ms="1110" started-at="2019-03-13T15:31:54Z" finished-at="2019-03-13T15:31:56Z">
          <reporter-output>
          </reporter-output>
        </test-method> <!-- setUp -->
        <test-method status="PASS" signature="confirmTestInput(java.lang.String)[pri:0, instance:com.wolfram.sdetchallenge.testng.InputMatchTest@1794d431]" name="confirmTestInput" duration-ms="4573" started-at="2019-03-13T15:31:56Z" finished-at="2019-03-13T15:32:00Z">
          <params>
            <param index="0">
              <value>
                <![CDATA[2 + 5]]>
              </value>
            </param>
          </params>
          <reporter-output>
          </reporter-output>
        </test-method> <!-- confirmTestInput -->
        <test-method status="PASS" signature="end()[pri:0, instance:com.wolfram.sdetchallenge.testng.InputMatchTest@1794d431]" name="end" is-config="true" duration-ms="134" started-at="2019-03-13T15:32:00Z" finished-at="2019-03-13T15:32:00Z">
          <reporter-output>
          </reporter-output>
        </test-method> <!-- end -->
      </class> <!-- com.wolfram.sdetchallenge.testng.InputMatchTest -->
    </test> <!-- Test4 -->
    <test name="Test5" duration-ms="13225" started-at="2019-03-13T15:32:06Z" finished-at="2019-03-13T15:32:19Z">
      <class name="com.wolfram.sdetchallenge.testng.ExpectedResultTest">
        <test-method status="PASS" signature="setUp()[pri:0, instance:com.wolfram.sdetchallenge.testng.ExpectedResultTest@77cd7a0]" name="setUp" is-config="true" duration-ms="980" started-at="2019-03-13T15:32:13Z" finished-at="2019-03-13T15:32:14Z">
          <reporter-output>
          </reporter-output>
        </test-method> <!-- setUp -->
        <test-method status="PASS" signature="checkExpectedResult(java.lang.String, java.lang.String)[pri:0, instance:com.wolfram.sdetchallenge.testng.ExpectedResultTest@77cd7a0]" name="checkExpectedResult" duration-ms="5580" started-at="2019-03-13T15:32:14Z" finished-at="2019-03-13T15:32:19Z">
          <params>
            <param index="0">
              <value>
                <![CDATA[0]]>
              </value>
            </param>
            <param index="1">
              <value>
                <![CDATA[zero]]>
              </value>
            </param>
          </params>
          <reporter-output>
          </reporter-output>
        </test-method> <!-- checkExpectedResult -->
        <test-method status="PASS" signature="end()[pri:0, instance:com.wolfram.sdetchallenge.testng.ExpectedResultTest@77cd7a0]" name="end" is-config="true" duration-ms="127" started-at="2019-03-13T15:32:19Z" finished-at="2019-03-13T15:32:19Z">
          <reporter-output>
          </reporter-output>
        </test-method> <!-- end -->
      </class> <!-- com.wolfram.sdetchallenge.testng.ExpectedResultTest -->
      <class name="com.wolfram.sdetchallenge.testng.InputMatchTest">
        <test-method status="PASS" signature="setUp()[pri:0, instance:com.wolfram.sdetchallenge.testng.InputMatchTest@4667ae56]" name="setUp" is-config="true" duration-ms="1007" started-at="2019-03-13T15:32:06Z" finished-at="2019-03-13T15:32:07Z">
          <reporter-output>
          </reporter-output>
        </test-method> <!-- setUp -->
        <test-method status="PASS" signature="confirmTestInput(java.lang.String)[pri:0, instance:com.wolfram.sdetchallenge.testng.InputMatchTest@4667ae56]" name="confirmTestInput" duration-ms="5412" started-at="2019-03-13T15:32:07Z" finished-at="2019-03-13T15:32:13Z">
          <params>
            <param index="0">
              <value>
                <![CDATA[0]]>
              </value>
            </param>
          </params>
          <reporter-output>
          </reporter-output>
        </test-method> <!-- confirmTestInput -->
        <test-method status="PASS" signature="end()[pri:0, instance:com.wolfram.sdetchallenge.testng.InputMatchTest@4667ae56]" name="end" is-config="true" duration-ms="116" started-at="2019-03-13T15:32:13Z" finished-at="2019-03-13T15:32:13Z">
          <reporter-output>
          </reporter-output>
        </test-method> <!-- end -->
      </class> <!-- com.wolfram.sdetchallenge.testng.InputMatchTest -->
    </test> <!-- Test5 -->
    <test name="Test6" duration-ms="7384" started-at="2019-03-13T15:32:19Z" finished-at="2019-03-13T15:32:27Z">
      <class name="com.wolfram.sdetchallenge.testng.ExpectedResultTest">
        <test-method status="PASS" signature="setUp()[pri:0, instance:com.wolfram.sdetchallenge.testng.ExpectedResultTest@464bee09]" name="setUp" is-config="true" duration-ms="1011" started-at="2019-03-13T15:32:19Z" finished-at="2019-03-13T15:32:20Z">
          <reporter-output>
          </reporter-output>
        </test-method> <!-- setUp -->
        <test-method status="PASS" signature="checkExpectedResult(java.lang.String, java.lang.String)[pri:0, instance:com.wolfram.sdetchallenge.testng.ExpectedResultTest@464bee09]" name="checkExpectedResult" duration-ms="6234" started-at="2019-03-13T15:32:20Z" finished-at="2019-03-13T15:32:27Z">
          <params>
            <param index="0">
              <value>
                <![CDATA[6X6]]>
              </value>
            </param>
            <param index="1">
              <value>
                <![CDATA[36]]>
              </value>
            </param>
          </params>
          <reporter-output>
          </reporter-output>
        </test-method> <!-- checkExpectedResult -->
        <test-method status="PASS" signature="end()[pri:0, instance:com.wolfram.sdetchallenge.testng.ExpectedResultTest@464bee09]" name="end" is-config="true" duration-ms="138" started-at="2019-03-13T15:32:27Z" finished-at="2019-03-13T15:32:27Z">
          <reporter-output>
          </reporter-output>
        </test-method> <!-- end -->
      </class> <!-- com.wolfram.sdetchallenge.testng.ExpectedResultTest -->
    </test> <!-- Test6 -->
    <test name="Test7" duration-ms="7959" started-at="2019-03-13T15:32:27Z" finished-at="2019-03-13T15:32:35Z">
      <class name="com.wolfram.sdetchallenge.testng.ExpectedResultTest">
        <test-method status="PASS" signature="setUp()[pri:0, instance:com.wolfram.sdetchallenge.testng.ExpectedResultTest@598067a5]" name="setUp" is-config="true" duration-ms="1102" started-at="2019-03-13T15:32:27Z" finished-at="2019-03-13T15:32:28Z">
          <reporter-output>
          </reporter-output>
        </test-method> <!-- setUp -->
        <test-method status="PASS" signature="checkExpectedResult(java.lang.String, java.lang.String)[pri:0, instance:com.wolfram.sdetchallenge.testng.ExpectedResultTest@598067a5]" name="checkExpectedResult" duration-ms="6727" started-at="2019-03-13T15:32:28Z" finished-at="2019-03-13T15:32:35Z">
          <params>
            <param index="0">
              <value>
                <![CDATA[how many seconds in a year]]>
              </value>
            </param>
            <param index="1">
              <value>
                <![CDATA[3.154×10^7 seconds]]>
              </value>
            </param>
          </params>
          <reporter-output>
          </reporter-output>
        </test-method> <!-- checkExpectedResult -->
        <test-method status="PASS" signature="end()[pri:0, instance:com.wolfram.sdetchallenge.testng.ExpectedResultTest@598067a5]" name="end" is-config="true" duration-ms="128" started-at="2019-03-13T15:32:35Z" finished-at="2019-03-13T15:32:35Z">
          <reporter-output>
          </reporter-output>
        </test-method> <!-- end -->
      </class> <!-- com.wolfram.sdetchallenge.testng.ExpectedResultTest -->
    </test> <!-- Test7 -->
    <test name="Test8" duration-ms="5256" started-at="2019-03-13T15:32:35Z" finished-at="2019-03-13T15:32:40Z">
      <class name="com.wolfram.sdetchallenge.testng.ExpectedResultTest">
        <test-method status="PASS" signature="setUp()[pri:0, instance:com.wolfram.sdetchallenge.testng.ExpectedResultTest@589838eb]" name="setUp" is-config="true" duration-ms="987" started-at="2019-03-13T15:32:35Z" finished-at="2019-03-13T15:32:36Z">
          <reporter-output>
          </reporter-output>
        </test-method> <!-- setUp -->
        <test-method status="PASS" signature="checkExpectedResult(java.lang.String, java.lang.String)[pri:0, instance:com.wolfram.sdetchallenge.testng.ExpectedResultTest@589838eb]" name="checkExpectedResult" duration-ms="4131" started-at="2019-03-13T15:32:36Z" finished-at="2019-03-13T15:32:40Z">
          <params>
            <param index="0">
              <value>
                <![CDATA[MDCCLXXVI]]>
              </value>
            </param>
            <param index="1">
              <value>
                <![CDATA[1776]]>
              </value>
            </param>
          </params>
          <reporter-output>
          </reporter-output>
        </test-method> <!-- checkExpectedResult -->
        <test-method status="PASS" signature="end()[pri:0, instance:com.wolfram.sdetchallenge.testng.ExpectedResultTest@589838eb]" name="end" is-config="true" duration-ms="137" started-at="2019-03-13T15:32:40Z" finished-at="2019-03-13T15:32:40Z">
          <reporter-output>
          </reporter-output>
        </test-method> <!-- end -->
      </class> <!-- com.wolfram.sdetchallenge.testng.ExpectedResultTest -->
    </test> <!-- Test8 -->
    <test name="Test9" duration-ms="6070" started-at="2019-03-13T15:32:40Z" finished-at="2019-03-13T15:32:46Z">
      <class name="com.wolfram.sdetchallenge.testng.ExpectedResultTest">
        <test-method status="PASS" signature="setUp()[pri:0, instance:com.wolfram.sdetchallenge.testng.ExpectedResultTest@3fee9989]" name="setUp" is-config="true" duration-ms="1111" started-at="2019-03-13T15:32:40Z" finished-at="2019-03-13T15:32:41Z">
          <reporter-output>
          </reporter-output>
        </test-method> <!-- setUp -->
        <test-method status="PASS" signature="checkExpectedResult(java.lang.String, java.lang.String)[pri:0, instance:com.wolfram.sdetchallenge.testng.ExpectedResultTest@3fee9989]" name="checkExpectedResult" duration-ms="4818" started-at="2019-03-13T15:32:41Z" finished-at="2019-03-13T15:32:46Z">
          <params>
            <param index="0">
              <value>
                <![CDATA[is x^2-x surjective?]]>
              </value>
            </param>
            <param index="1">
              <value>
                <![CDATA[y(x) = x^2 - x is not surjective onto R]]>
              </value>
            </param>
          </params>
          <reporter-output>
          </reporter-output>
        </test-method> <!-- checkExpectedResult -->
        <test-method status="PASS" signature="end()[pri:0, instance:com.wolfram.sdetchallenge.testng.ExpectedResultTest@3fee9989]" name="end" is-config="true" duration-ms="140" started-at="2019-03-13T15:32:46Z" finished-at="2019-03-13T15:32:46Z">
          <reporter-output>
          </reporter-output>
        </test-method> <!-- end -->
      </class> <!-- com.wolfram.sdetchallenge.testng.ExpectedResultTest -->
    </test> <!-- Test9 -->
    <test name="Test10" duration-ms="6684" started-at="2019-03-13T15:32:46Z" finished-at="2019-03-13T15:32:53Z">
      <class name="com.wolfram.sdetchallenge.testng.InputMatchTest">
        <test-method status="PASS" signature="setUp()[pri:0, instance:com.wolfram.sdetchallenge.testng.InputMatchTest@e45f292]" name="setUp" is-config="true" duration-ms="1102" started-at="2019-03-13T15:32:46Z" finished-at="2019-03-13T15:32:47Z">
          <reporter-output>
          </reporter-output>
        </test-method> <!-- setUp -->
        <test-method status="PASS" signature="confirmTestInput(java.lang.String)[pri:0, instance:com.wolfram.sdetchallenge.testng.InputMatchTest@e45f292]" name="confirmTestInput" duration-ms="5452" started-at="2019-03-13T15:32:47Z" finished-at="2019-03-13T15:32:53Z">
          <params>
            <param index="0">
              <value>
                <![CDATA[list of months with exactly 31 days]]>
              </value>
            </param>
          </params>
          <reporter-output>
          </reporter-output>
        </test-method> <!-- confirmTestInput -->
        <test-method status="PASS" signature="end()[pri:0, instance:com.wolfram.sdetchallenge.testng.InputMatchTest@e45f292]" name="end" is-config="true" duration-ms="127" started-at="2019-03-13T15:32:53Z" finished-at="2019-03-13T15:32:53Z">
          <reporter-output>
          </reporter-output>
        </test-method> <!-- end -->
      </class> <!-- com.wolfram.sdetchallenge.testng.InputMatchTest -->
    </test> <!-- Test10 -->
    <test name="Test11" duration-ms="7843" started-at="2019-03-13T15:32:53Z" finished-at="2019-03-13T15:33:01Z">
      <class name="com.wolfram.sdetchallenge.testng.InputMatchTest">
        <test-method status="PASS" signature="setUp()[pri:0, instance:com.wolfram.sdetchallenge.testng.InputMatchTest@27c20538]" name="setUp" is-config="true" duration-ms="985" started-at="2019-03-13T15:32:53Z" finished-at="2019-03-13T15:32:54Z">
          <reporter-output>
          </reporter-output>
        </test-method> <!-- setUp -->
        <test-method status="PASS" signature="confirmTestInput(java.lang.String)[pri:0, instance:com.wolfram.sdetchallenge.testng.InputMatchTest@27c20538]" name="confirmTestInput" duration-ms="6726" started-at="2019-03-13T15:32:54Z" finished-at="2019-03-13T15:33:00Z">
          <params>
            <param index="0">
              <value>
                <![CDATA[_ | a | l | _ | _ | l | a | _ | _]]>
              </value>
            </param>
          </params>
          <reporter-output>
          </reporter-output>
        </test-method> <!-- confirmTestInput -->
        <test-method status="PASS" signature="end()[pri:0, instance:com.wolfram.sdetchallenge.testng.InputMatchTest@27c20538]" name="end" is-config="true" duration-ms="130" started-at="2019-03-13T15:33:00Z" finished-at="2019-03-13T15:33:01Z">
          <reporter-output>
          </reporter-output>
        </test-method> <!-- end -->
      </class> <!-- com.wolfram.sdetchallenge.testng.InputMatchTest -->
    </test> <!-- Test11 -->
    <test name="Test12" duration-ms="12565" started-at="2019-03-13T15:33:01Z" finished-at="2019-03-13T15:33:13Z">
      <class name="com.wolfram.sdetchallenge.testng.InputPageButtonCheck">
        <test-method status="PASS" signature="setUp()[pri:0, instance:com.wolfram.sdetchallenge.testng.InputPageButtonCheck@1ed4004b]" name="setUp" is-config="true" duration-ms="1128" started-at="2019-03-13T15:33:01Z" finished-at="2019-03-13T15:33:02Z">
          <reporter-output>
          </reporter-output>
        </test-method> <!-- setUp -->
        <test-method status="PASS" signature="verifyBrowseExamplesButton(java.lang.String)[pri:0, instance:com.wolfram.sdetchallenge.testng.InputPageButtonCheck@1ed4004b]" name="verifyBrowseExamplesButton" duration-ms="5738" started-at="2019-03-13T15:33:02Z" finished-at="2019-03-13T15:33:07Z">
          <params>
            <param index="0">
              <value>
                <![CDATA[https://www.wolframalpha.com/examples/?src=input]]>
              </value>
            </param>
          </params>
          <reporter-output>
          </reporter-output>
        </test-method> <!-- verifyBrowseExamplesButton -->
        <test-method status="PASS" signature="verifyEverydayLifeButton(java.lang.String)[pri:0, instance:com.wolfram.sdetchallenge.testng.InputPageButtonCheck@1ed4004b]" name="verifyEverydayLifeButton" duration-ms="1598" started-at="2019-03-13T15:33:07Z" finished-at="2019-03-13T15:33:09Z">
          <params>
            <param index="0">
              <value>
                <![CDATA[https://www.wolframalpha.com/examples/everyday-life/]]>
              </value>
            </param>
          </params>
          <reporter-output>
          </reporter-output>
        </test-method> <!-- verifyEverydayLifeButton -->
        <test-method status="PASS" signature="verifyMathematicsButton(java.lang.String)[pri:0, instance:com.wolfram.sdetchallenge.testng.InputPageButtonCheck@1ed4004b]" name="verifyMathematicsButton" duration-ms="1458" started-at="2019-03-13T15:33:09Z" finished-at="2019-03-13T15:33:11Z">
          <params>
            <param index="0">
              <value>
                <![CDATA[https://www.wolframalpha.com/examples/mathematics/]]>
              </value>
            </param>
          </params>
          <reporter-output>
          </reporter-output>
        </test-method> <!-- verifyMathematicsButton -->
        <test-method status="PASS" signature="verifyScienceTechButton(java.lang.String)[pri:0, instance:com.wolfram.sdetchallenge.testng.InputPageButtonCheck@1ed4004b]" name="verifyScienceTechButton" duration-ms="1221" started-at="2019-03-13T15:33:11Z" finished-at="2019-03-13T15:33:12Z">
          <params>
            <param index="0">
              <value>
                <![CDATA[https://www.wolframalpha.com/examples/science-and-technology/]]>
              </value>
            </param>
          </params>
          <reporter-output>
          </reporter-output>
        </test-method> <!-- verifyScienceTechButton -->
        <test-method status="PASS" signature="verifySocCultureButton(java.lang.String)[pri:0, instance:com.wolfram.sdetchallenge.testng.InputPageButtonCheck@1ed4004b]" name="verifySocCultureButton" duration-ms="1283" started-at="2019-03-13T15:33:12Z" finished-at="2019-03-13T15:33:13Z">
          <params>
            <param index="0">
              <value>
                <![CDATA[https://www.wolframalpha.com/examples/society-and-culture/]]>
              </value>
            </param>
          </params>
          <reporter-output>
          </reporter-output>
        </test-method> <!-- verifySocCultureButton -->
        <test-method status="PASS" signature="end()[pri:0, instance:com.wolfram.sdetchallenge.testng.InputPageButtonCheck@1ed4004b]" name="end" is-config="true" duration-ms="134" started-at="2019-03-13T15:33:13Z" finished-at="2019-03-13T15:33:13Z">
          <reporter-output>
          </reporter-output>
        </test-method> <!-- end -->
      </class> <!-- com.wolfram.sdetchallenge.testng.InputPageButtonCheck -->
    </test> <!-- Test12 -->
  </suite> <!-- Wolfram SDET Tests - Hannah Carl -->
</testng-results>
