<?xml version="1.0" encoding="UTF-8"?>
<!-- Generated by org.testng.reporters.JUnitXMLReporter -->
<testsuite hostname="Hannahs-MacBook-Pro.local" ignored="0" name="Test12" tests="5" failures="0" timestamp="13 Mar 2019 18:02:49 GMT" time="11.674" errors="0">
  <testcase name="verifyBrowseExamplesButton" time="4.921" classname="com.wolfram.sdetchallenge.testng.InputPageButtonCheck"/>
  <testcase name="verifyEverydayLifeButton" time="1.817" classname="com.wolfram.sdetchallenge.testng.InputPageButtonCheck"/>
  <testcase name="verifyMathematicsButton" time="1.283" classname="com.wolfram.sdetchallenge.testng.InputPageButtonCheck"/>
  <testcase name="verifyScienceTechButton" time="1.22" classname="com.wolfram.sdetchallenge.testng.InputPageButtonCheck"/>
  <testcase name="verifySocCultureButton" time="1.191" classname="com.wolfram.sdetchallenge.testng.InputPageButtonCheck"/>
</testsuite> <!-- Test12 -->
