<?xml version="1.0" encoding="UTF-8"?>
<!-- Generated by org.testng.reporters.JUnitXMLReporter -->
<testsuite hostname="Hannahs-MacBook-Pro.local" ignored="0" name="Test2" tests="2" failures="0" timestamp="12 Mar 2019 00:35:27 GMT" time="14.247" errors="0">
  <testcase name="confirmTestInput" time="5.574" classname="com.wolfram.sdetchallenge.testng.InputMatchTest"/>
  <testcase name="checkExpectedResult" time="6.151" classname="com.wolfram.sdetchallenge.testng.ExpectedResultTest"/>
</testsuite> <!-- Test2 -->
