<?xml version="1.0" encoding="UTF-8"?>
<!-- Generated by org.testng.reporters.JUnitXMLReporter -->
<testsuite hostname="Hannahs-MacBook-Pro.local" ignored="0" name="Test3" tests="2" failures="0" timestamp="13 Mar 2019 18:01:30 GMT" time="10.088" errors="0">
  <testcase name="confirmTestInput" time="3.892" classname="com.wolfram.sdetchallenge.testng.InputMatchTest"/>
  <testcase name="checkExpectedResult" time="3.676" classname="com.wolfram.sdetchallenge.testng.ExpectedResultTest"/>
</testsuite> <!-- Test3 -->
