<?xml version="1.0" encoding="UTF-8"?>
<!-- Generated by org.testng.reporters.JUnitXMLReporter -->
<testsuite hostname="hannahs-mbp.wireless.cougars.int" ignored="0" name="Test2" tests="2" failures="0" timestamp="13 Mar 2019 15:31:42 GMT" time="26.083" errors="0">
  <testcase name="hyperLinkTest" time="12.34" classname="com.wolfram.sdetchallenge.testng.NotebookButtonCheck"/>
  <testcase name="specialCharactersTest" time="12.426" classname="com.wolfram.sdetchallenge.testng.NotebookButtonCheck"/>
</testsuite> <!-- Test2 -->
