<?xml version="1.0" encoding="UTF-8"?>
<!-- Generated by org.testng.reporters.JUnitXMLReporter -->
<testsuite hostname="hannahs-mbp.wireless.cougars.int" ignored="0" name="Test5" tests="2" failures="0" timestamp="13 Mar 2019 15:32:19 GMT" time="13.225" errors="0">
  <testcase name="confirmTestInput" time="5.412" classname="com.wolfram.sdetchallenge.testng.InputMatchTest"/>
  <testcase name="checkExpectedResult" time="5.58" classname="com.wolfram.sdetchallenge.testng.ExpectedResultTest"/>
</testsuite> <!-- Test5 -->
