<?xml version="1.0" encoding="UTF-8"?>
<!-- Generated by org.testng.reporters.JUnitXMLReporter -->
<testsuite hostname="hannahs-mbp.wireless.cougars.int" ignored="0" name="Test4" tests="2" failures="0" timestamp="13 Mar 2019 15:32:06 GMT" time="11.728" errors="0">
  <testcase name="confirmTestInput" time="4.573" classname="com.wolfram.sdetchallenge.testng.InputMatchTest"/>
  <testcase name="checkExpectedResult" time="4.696" classname="com.wolfram.sdetchallenge.testng.ExpectedResultTest"/>
</testsuite> <!-- Test4 -->
