<?xml version="1.0" encoding="UTF-8"?>
<!-- Generated by org.testng.reporters.JUnitXMLReporter -->
<testsuite hostname="Hannahs-MacBook-Pro.local" ignored="0" name="Test10" tests="3" failures="0" timestamp="12 Mar 2019 00:36:39 GMT" time="11.27" errors="0">
  <testcase name="verifyBrowseExamplesButton" time="5.978" classname="com.wolfram.sdetchallenge.testng.InputPageButtonCheck"/>
  <testcase name="verifyMathematicsButton" time="2.562" classname="com.wolfram.sdetchallenge.testng.InputPageButtonCheck"/>
  <testcase name="verifyScienceTechButton" time="1.417" classname="com.wolfram.sdetchallenge.testng.InputPageButtonCheck"/>
</testsuite> <!-- Test10 -->
