<?xml version="1.0" encoding="UTF-8"?>
<!-- Generated by org.testng.reporters.JUnitXMLReporter -->
<testsuite hostname="Hannahs-MacBook-Pro.local" ignored="0" name="Test12" tests="2" failures="0" timestamp="12 Mar 2019 00:37:21 GMT" time="27.901" errors="0">
  <testcase name="hyperLinkTest" time="13.643" classname="com.wolfram.sdetchallenge.testng.NotebookButtonCheck"/>
  <testcase name="specialCharactersTest" time="12.926" classname="com.wolfram.sdetchallenge.testng.NotebookButtonCheck"/>
</testsuite> <!-- Test12 -->
