<?xml version="1.0" encoding="UTF-8"?>
<!-- Generated by org.testng.reporters.JUnitXMLReporter -->
<testsuite hostname="hannahs-mbp.wireless.cougars.int" ignored="0" name="Test3" tests="2" failures="0" timestamp="13 Mar 2019 15:31:54 GMT" time="12.533" errors="0">
  <testcase name="confirmTestInput" time="5.391" classname="com.wolfram.sdetchallenge.testng.InputMatchTest"/>
  <testcase name="checkExpectedResult" time="4.772" classname="com.wolfram.sdetchallenge.testng.ExpectedResultTest"/>
</testsuite> <!-- Test3 -->
