<?xml version="1.0" encoding="UTF-8"?>
<!-- Generated by org.testng.reporters.JUnitXMLReporter -->
<testsuite hostname="Hannahs-MacBook-Pro.local" ignored="0" name="Test5" tests="2" failures="0" timestamp="13 Mar 2019 18:01:57 GMT" time="14.654" errors="0">
  <testcase name="confirmTestInput" time="5.72" classname="com.wolfram.sdetchallenge.testng.InputMatchTest"/>
  <testcase name="checkExpectedResult" time="6.415" classname="com.wolfram.sdetchallenge.testng.ExpectedResultTest"/>
</testsuite> <!-- Test5 -->
